<?xml version="1.0" encoding="UTF-8" ?>
<testsuite failures="0" time="0.469" errors="0" skipped="0" tests="1" name="com.stepinfo.service.MonServiceTest">
  <properties>
    <property name="java.runtime.name" value="Java(TM) SE Runtime Environment"/>
    <property name="sun.boot.library.path" value="C:\Program Files\Java\jdk1.6.0_20\jre\bin"/>
    <property name="java.vm.version" value="16.3-b01"/>
    <property name="java.vm.vendor" value="Sun Microsystems Inc."/>
    <property name="java.vendor.url" value="http://java.sun.com/"/>
    <property name="path.separator" value=";"/>
    <property name="java.vm.name" value="Java HotSpot(TM) Client VM"/>
    <property name="file.encoding.pkg" value="sun.io"/>
    <property name="user.country" value="FR"/>
    <property name="sun.java.launcher" value="SUN_STANDARD"/>
    <property name="sun.os.patch.level" value="Service Pack 2"/>
    <property name="java.vm.specification.name" value="Java Virtual Machine Specification"/>
    <property name="user.dir" value="C:\formation_spring\workspace\tp7-corrige"/>
    <property name="java.runtime.version" value="1.6.0_20-b02"/>
    <property name="java.awt.graphicsenv" value="sun.awt.Win32GraphicsEnvironment"/>
    <property name="basedir" value="C:\formation_spring\workspace\tp7-corrige"/>
    <property name="java.endorsed.dirs" value="C:\Program Files\Java\jdk1.6.0_20\jre\lib\endorsed"/>
    <property name="os.arch" value="x86"/>
    <property name="surefire.real.class.path" value="C:\DOCUME~1\ADMINI~1\LOCALS~1\Temp\surefirebooter7384531385793059442.jar"/>
    <property name="java.io.tmpdir" value="C:\DOCUME~1\ADMINI~1\LOCALS~1\Temp\"/>
    <property name="line.separator" value="
"/>
    <property name="java.vm.specification.vendor" value="Sun Microsystems Inc."/>
    <property name="user.variant" value=""/>
    <property name="os.name" value="Windows XP"/>
    <property name="sun.jnu.encoding" value="Cp1252"/>
    <property name="java.library.path" value="C:\Program Files\Java\jdk1.6.0_20\jre\bin;.;C:\WINDOWS\Sun\Java\bin;C:\WINDOWS\system32;C:\WINDOWS;C:\oraclexe\app\oracle\product\10.2.0\server\bin;C:\Program Files\Windows Resource Kits\Tools\;C:\WINDOWS\system32;C:\WINDOWS;C:\WINDOWS\System32\Wbem;C:\Program Files\NTRU Cryptosystems\NTRU TCG Software Stack\bin\;C:\Program Files\Wave Systems Corp\Dell Preboot Manager\Access Client\v5\;C:\Program Files\Fichiers communs\Roxio Shared\DLLShared\;&quot;E:\Program Files\Apache Software Foundation\apache-maven-2.2.1\bin&quot;;E:\Program Files\OpenSSH\bin;E:\Program Files\Subversion\bin;C:\Program Files\QuickTime\QTSystem\;C:\Program Files\Microsoft SQL Server\90\Tools\binn\;C:\Program Files\Java\jdk1.6.0_20\bin"/>
    <property name="surefire.test.class.path" value="C:\formation_spring\workspace\tp7-corrige\target\test-classes;C:\formation_spring\workspace\tp7-corrige\target\classes;C:\formation_spring\m2_repo\junit\junit\3.8.1\junit-3.8.1.jar;C:\formation_spring\m2_repo\org\springframework\spring-aop\2.5.6\spring-aop-2.5.6.jar;C:\formation_spring\m2_repo\aopalliance\aopalliance\1.0\aopalliance-1.0.jar;C:\formation_spring\m2_repo\commons-logging\commons-logging\1.1.1\commons-logging-1.1.1.jar;C:\formation_spring\m2_repo\org\springframework\spring-beans\2.5.6\spring-beans-2.5.6.jar;C:\formation_spring\m2_repo\org\springframework\spring-core\2.5.6\spring-core-2.5.6.jar;C:\formation_spring\m2_repo\org\springframework\spring-aspects\2.5.6\spring-aspects-2.5.6.jar;C:\formation_spring\m2_repo\org\aspectj\aspectjrt\1.6.2\aspectjrt-1.6.2.jar;C:\formation_spring\m2_repo\org\aspectj\aspectjweaver\1.6.2\aspectjweaver-1.6.2.jar;C:\formation_spring\m2_repo\org\springframework\spring-tx\2.5.6\spring-tx-2.5.6.jar;C:\formation_spring\m2_repo\org\springframework\spring-context\2.5.6\spring-context-2.5.6.jar;C:\formation_spring\m2_repo\org\aspectj\aspectjtools\1.6.2\aspectjtools-1.6.2.jar;C:\formation_spring\m2_repo\log4j\log4j\1.2.13\log4j-1.2.13.jar;"/>
    <property name="java.specification.name" value="Java Platform API Specification"/>
    <property name="java.class.version" value="50.0"/>
    <property name="sun.management.compiler" value="HotSpot Client Compiler"/>
    <property name="os.version" value="5.1"/>
    <property name="user.home" value="C:\Documents and Settings\Administrateur"/>
    <property name="user.timezone" value="Europe/Paris"/>
    <property name="java.awt.printerjob" value="sun.awt.windows.WPrinterJob"/>
    <property name="java.specification.version" value="1.6"/>
    <property name="file.encoding" value="Cp1252"/>
    <property name="user.name" value="Administrateur"/>
    <property name="java.class.path" value="C:\formation_spring\workspace\tp7-corrige\target\test-classes;C:\formation_spring\workspace\tp7-corrige\target\classes;C:\formation_spring\m2_repo\junit\junit\3.8.1\junit-3.8.1.jar;C:\formation_spring\m2_repo\org\springframework\spring-aop\2.5.6\spring-aop-2.5.6.jar;C:\formation_spring\m2_repo\aopalliance\aopalliance\1.0\aopalliance-1.0.jar;C:\formation_spring\m2_repo\commons-logging\commons-logging\1.1.1\commons-logging-1.1.1.jar;C:\formation_spring\m2_repo\org\springframework\spring-beans\2.5.6\spring-beans-2.5.6.jar;C:\formation_spring\m2_repo\org\springframework\spring-core\2.5.6\spring-core-2.5.6.jar;C:\formation_spring\m2_repo\org\springframework\spring-aspects\2.5.6\spring-aspects-2.5.6.jar;C:\formation_spring\m2_repo\org\aspectj\aspectjrt\1.6.2\aspectjrt-1.6.2.jar;C:\formation_spring\m2_repo\org\aspectj\aspectjweaver\1.6.2\aspectjweaver-1.6.2.jar;C:\formation_spring\m2_repo\org\springframework\spring-tx\2.5.6\spring-tx-2.5.6.jar;C:\formation_spring\m2_repo\org\springframework\spring-context\2.5.6\spring-context-2.5.6.jar;C:\formation_spring\m2_repo\org\aspectj\aspectjtools\1.6.2\aspectjtools-1.6.2.jar;C:\formation_spring\m2_repo\log4j\log4j\1.2.13\log4j-1.2.13.jar;"/>
    <property name="java.vm.specification.version" value="1.0"/>
    <property name="sun.arch.data.model" value="32"/>
    <property name="java.home" value="C:\Program Files\Java\jdk1.6.0_20\jre"/>
    <property name="java.specification.vendor" value="Sun Microsystems Inc."/>
    <property name="user.language" value="fr"/>
    <property name="awt.toolkit" value="sun.awt.windows.WToolkit"/>
    <property name="java.vm.info" value="mixed mode, sharing"/>
    <property name="java.version" value="1.6.0_20"/>
    <property name="java.ext.dirs" value="C:\Program Files\Java\jdk1.6.0_20\jre\lib\ext;C:\WINDOWS\Sun\Java\lib\ext"/>
    <property name="sun.boot.class.path" value="C:\Program Files\Java\jdk1.6.0_20\jre\lib\resources.jar;C:\Program Files\Java\jdk1.6.0_20\jre\lib\rt.jar;C:\Program Files\Java\jdk1.6.0_20\jre\lib\sunrsasign.jar;C:\Program Files\Java\jdk1.6.0_20\jre\lib\jsse.jar;C:\Program Files\Java\jdk1.6.0_20\jre\lib\jce.jar;C:\Program Files\Java\jdk1.6.0_20\jre\lib\charsets.jar;C:\Program Files\Java\jdk1.6.0_20\jre\classes"/>
    <property name="java.vendor" value="Sun Microsystems Inc."/>
    <property name="localRepository" value="C:\formation_spring\m2_repo"/>
    <property name="file.separator" value="\"/>
    <property name="java.vendor.url.bug" value="http://java.sun.com/cgi-bin/bugreport.cgi"/>
    <property name="sun.cpu.endian" value="little"/>
    <property name="sun.io.unicode.encoding" value="UnicodeLittle"/>
    <property name="sun.desktop" value="windows"/>
    <property name="sun.cpu.isalist" value="pentium_pro+mmx pentium_pro pentium+mmx pentium i486 i386 i86"/>
  </properties>
  <testcase time="0.437" classname="com.stepinfo.service.MonServiceTest" name="testMonService"/>
</testsuite>